  SampleApplication.cpp
  코드를 생성하고 있습니다...
  건너뛰고 있습니다... (관련된 변경 내용 없음)
  main.cpp
SampleApplication.obj : error LNK2019: "public: void __cdecl b2World::Step(float,int,int)" (?Step@b2World@@QEAAXMHH@Z) 외부 기호(참조 위치: "private: virtual void __cdecl SampleApplication::Display(unsigned long)" (?Display@SampleApplication@@EEAAXK@Z) 함수)에서 확인하지 못했습니다.
SampleApplication.obj : error LNK2019: "public: class b2Body * __cdecl Xeth::CSprite::GetBody(void)" (?GetBody@CSprite@Xeth@@QEAAPEAVb2Body@@XZ) 외부 기호(참조 위치: "private: virtual void __cdecl SampleApplication::Display(unsigned long)" (?Display@SampleApplication@@EEAAXK@Z) 함수)에서 확인하지 못했습니다.
SampleApplication.obj : error LNK2019: "protected: struct IWICImagingFactory * __cdecl Xeth::CApplication::GetImageFactory(void)" (?GetImageFactory@CApplication@Xeth@@IEAAPEAUIWICImagingFactory@@XZ) 외부 기호(참조 위치: "private: virtual bool __cdecl SampleApplication::Initialize(void)" (?Initialize@SampleApplication@@EEAA_NXZ) 함수)에서 확인하지 못했습니다.
SampleApplication.obj : error LNK2019: "protected: bool __cdecl Xeth::CApplication::GetKeyStatus(unsigned __int64)" (?GetKeyStatus@CApplication@Xeth@@IEAA_N_K@Z) 외부 기호(참조 위치: "private: virtual void __cdecl SampleApplication::Display(unsigned long)" (?Display@SampleApplication@@EEAAXK@Z) 함수)에서 확인하지 못했습니다.
SampleApplication.obj : error LNK2019: "public: class b2World * __cdecl Xeth::CPhysics::GetWorld(void)" (?GetWorld@CPhysics@Xeth@@QEAAPEAVb2World@@XZ) 외부 기호(참조 위치: "private: virtual void __cdecl SampleApplication::Display(unsigned long)" (?Display@SampleApplication@@EEAAXK@Z) 함수)에서 확인하지 못했습니다.
D2DEngineCore.lib(XethSprite.obj) : error LNK2001: "public: virtual class b2Shape * __cdecl b2PolygonShape::Clone(class b2BlockAllocator *)const " (?Clone@b2PolygonShape@@UEBAPEAVb2Shape@@PEAVb2BlockAllocator@@@Z) 외부 기호를 확인할 수 없습니다.
D2DEngineCore.lib(XethPhysics.obj) : error LNK2001: "public: virtual class b2Shape * __cdecl b2PolygonShape::Clone(class b2BlockAllocator *)const " (?Clone@b2PolygonShape@@UEBAPEAVb2Shape@@PEAVb2BlockAllocator@@@Z) 외부 기호를 확인할 수 없습니다.
D2DEngineCore.lib(XethSprite.obj) : error LNK2001: "public: virtual int __cdecl b2PolygonShape::GetChildCount(void)const " (?GetChildCount@b2PolygonShape@@UEBAHXZ) 외부 기호를 확인할 수 없습니다.
D2DEngineCore.lib(XethPhysics.obj) : error LNK2001: "public: virtual int __cdecl b2PolygonShape::GetChildCount(void)const " (?GetChildCount@b2PolygonShape@@UEBAHXZ) 외부 기호를 확인할 수 없습니다.
D2DEngineCore.lib(XethSprite.obj) : error LNK2019: "public: void __cdecl b2PolygonShape::SetAsBox(float,float)" (?SetAsBox@b2PolygonShape@@QEAAXMM@Z) 외부 기호(참조 위치: "public: __cdecl Xeth::CSprite::CSprite(wchar_t *,struct Xeth::Point,struct IWICImagingFactory *,struct ID2D1HwndRenderTarget *,class b2World *)" (??0CSprite@Xeth@@QEAA@PEA_WUPoint@1@PEAUIWICImagingFactory@@PEAUID2D1HwndRenderTarget@@PEAVb2World@@@Z) 함수)에서 확인하지 못했습니다.
D2DEngineCore.lib(XethPhysics.obj) : error LNK2001: "public: void __cdecl b2PolygonShape::SetAsBox(float,float)" (?SetAsBox@b2PolygonShape@@QEAAXMM@Z) 외부 기호를 확인할 수 없습니다.
D2DEngineCore.lib(XethSprite.obj) : error LNK2001: "public: virtual bool __cdecl b2PolygonShape::TestPoint(struct b2Transform const &,struct b2Vec2 const &)const " (?TestPoint@b2PolygonShape@@UEBA_NAEBUb2Transform@@AEBUb2Vec2@@@Z) 외부 기호를 확인할 수 없습니다.
D2DEngineCore.lib(XethPhysics.obj) : error LNK2001: "public: virtual bool __cdecl b2PolygonShape::TestPoint(struct b2Transform const &,struct b2Vec2 const &)const " (?TestPoint@b2PolygonShape@@UEBA_NAEBUb2Transform@@AEBUb2Vec2@@@Z) 외부 기호를 확인할 수 없습니다.
D2DEngineCore.lib(XethSprite.obj) : error LNK2001: "public: virtual bool __cdecl b2PolygonShape::RayCast(struct b2RayCastOutput *,struct b2RayCastInput const &,struct b2Transform const &,int)const " (?RayCast@b2PolygonShape@@UEBA_NPEAUb2RayCastOutput@@AEBUb2RayCastInput@@AEBUb2Transform@@H@Z) 외부 기호를 확인할 수 없습니다.
D2DEngineCore.lib(XethPhysics.obj) : error LNK2001: "public: virtual bool __cdecl b2PolygonShape::RayCast(struct b2RayCastOutput *,struct b2RayCastInput const &,struct b2Transform const &,int)const " (?RayCast@b2PolygonShape@@UEBA_NPEAUb2RayCastOutput@@AEBUb2RayCastInput@@AEBUb2Transform@@H@Z) 외부 기호를 확인할 수 없습니다.
D2DEngineCore.lib(XethSprite.obj) : error LNK2001: "public: virtual void __cdecl b2PolygonShape::ComputeAABB(struct b2AABB *,struct b2Transform const &,int)const " (?ComputeAABB@b2PolygonShape@@UEBAXPEAUb2AABB@@AEBUb2Transform@@H@Z) 외부 기호를 확인할 수 없습니다.
D2DEngineCore.lib(XethPhysics.obj) : error LNK2001: "public: virtual void __cdecl b2PolygonShape::ComputeAABB(struct b2AABB *,struct b2Transform const &,int)const " (?ComputeAABB@b2PolygonShape@@UEBAXPEAUb2AABB@@AEBUb2Transform@@H@Z) 외부 기호를 확인할 수 없습니다.
D2DEngineCore.lib(XethSprite.obj) : error LNK2001: "public: virtual void __cdecl b2PolygonShape::ComputeMass(struct b2MassData *,float)const " (?ComputeMass@b2PolygonShape@@UEBAXPEAUb2MassData@@M@Z) 외부 기호를 확인할 수 없습니다.
D2DEngineCore.lib(XethPhysics.obj) : error LNK2001: "public: virtual void __cdecl b2PolygonShape::ComputeMass(struct b2MassData *,float)const " (?ComputeMass@b2PolygonShape@@UEBAXPEAUb2MassData@@M@Z) 외부 기호를 확인할 수 없습니다.
D2DEngineCore.lib(XethSprite.obj) : error LNK2019: "public: class b2Fixture * __cdecl b2Body::CreateFixture(struct b2FixtureDef const *)" (?CreateFixture@b2Body@@QEAAPEAVb2Fixture@@PEBUb2FixtureDef@@@Z) 외부 기호(참조 위치: "public: __cdecl Xeth::CSprite::CSprite(wchar_t *,struct Xeth::Point,struct IWICImagingFactory *,struct ID2D1HwndRenderTarget *,class b2World *)" (??0CSprite@Xeth@@QEAA@PEA_WUPoint@1@PEAUIWICImagingFactory@@PEAUID2D1HwndRenderTarget@@PEAVb2World@@@Z) 함수)에서 확인하지 못했습니다.
D2DEngineCore.lib(XethSprite.obj) : error LNK2019: "public: class b2Body * __cdecl b2World::CreateBody(struct b2BodyDef const *)" (?CreateBody@b2World@@QEAAPEAVb2Body@@PEBUb2BodyDef@@@Z) 외부 기호(참조 위치: "public: __cdecl Xeth::CSprite::CSprite(wchar_t *,struct Xeth::Point,struct IWICImagingFactory *,struct ID2D1HwndRenderTarget *,class b2World *)" (??0CSprite@Xeth@@QEAA@PEA_WUPoint@1@PEAUIWICImagingFactory@@PEAUID2D1HwndRenderTarget@@PEAVb2World@@@Z) 함수)에서 확인하지 못했습니다.
D2DEngineCore.lib(XethPhysics.obj) : error LNK2001: "public: class b2Body * __cdecl b2World::CreateBody(struct b2BodyDef const *)" (?CreateBody@b2World@@QEAAPEAVb2Body@@PEBUb2BodyDef@@@Z) 외부 기호를 확인할 수 없습니다.
D2DEngineCore.lib(XethApplication.obj) : error LNK2019: "public: float __cdecl Xeth::CSprite::GetRotation(void)" (?GetRotation@CSprite@Xeth@@QEAAMXZ) 외부 기호(참조 위치: "private: void __cdecl Xeth::CApplication::DrawRotatedSprite(class Xeth::CSprite *)" (?DrawRotatedSprite@CApplication@Xeth@@AEAAXPEAVCSprite@2@@Z) 함수)에서 확인하지 못했습니다.
D2DEngineCore.lib(XethPhysics.obj) : error LNK2019: "public: class b2Fixture * __cdecl b2Body::CreateFixture(class b2Shape const *,float)" (?CreateFixture@b2Body@@QEAAPEAVb2Fixture@@PEBVb2Shape@@M@Z) 외부 기호(참조 위치: "public: __cdecl Xeth::CPhysics::CPhysics(struct Xeth::Point,struct Xeth::Point,struct Xeth::Point)" (??0CPhysics@Xeth@@QEAA@UPoint@1@00@Z) 함수)에서 확인하지 못했습니다.
D2DEngineCore.lib(XethPhysics.obj) : error LNK2019: "public: __cdecl b2World::b2World(struct b2Vec2 const &)" (??0b2World@@QEAA@AEBUb2Vec2@@@Z) 외부 기호(참조 위치: "public: __cdecl Xeth::CPhysics::CPhysics(struct Xeth::Point,struct Xeth::Point,struct Xeth::Point)" (??0CPhysics@Xeth@@QEAA@UPoint@1@00@Z) 함수)에서 확인하지 못했습니다.
D2DEngineCore.lib(XethPhysics.obj) : error LNK2019: "public: __cdecl b2World::~b2World(void)" (??1b2World@@QEAA@XZ) 외부 기호(참조 위치: "public: void * __cdecl b2World::`scalar deleting destructor'(unsigned int)" (??_Gb2World@@QEAAPEAXI@Z) 함수)에서 확인하지 못했습니다.
D:\Compiler\Box2D-master\Box2D\Lib\Box2D.lib : warning LNK4272: 'X86' 라이브러리 컴퓨터 종류가 'x64' 대상 컴퓨터 종류와 충돌합니다.
D:\Document\_CODE\Direct\Engine\XethEngine\D2DEngineCore\x64\Debug\SampleApplication.exe : fatal error LNK1120: 18개의 확인할 수 없는 외부 참조입니다.
