C:\Program Files (x86)\Microsoft Visual Studio\2017\Community\Common7\IDE\VC\VCTargets\Microsoft.CppBuild.targets(373,5): warning MSB8004: Output 디렉터리가 슬래시로 끝나지 않습니다. Output 디렉터리의 적절한 평가를 허용하는 데 필요하므로 이 빌드 인스턴스에서 슬래시를 추가합니다.
  XethSprite.cpp
d:\document\_code\direct\engine\xethengine\d2denginecore\d2denginecore\xethsprite.cpp(19): warning C4996: 'wcstombs': This function or variable may be unsafe. Consider using wcstombs_s instead. To disable deprecation, use _CRT_SECURE_NO_WARNINGS. See online help for details.
  c:\program files (x86)\windows kits\10\include\10.0.10240.0\ucrt\stdlib.h(1008): note: 'wcstombs' 선언을 참조하십시오.
  XethMusic.cpp
d:\document\_code\direct\engine\xethengine\d2denginecore\d2denginecore\xethmusic.cpp(34): warning C4996: 'wcstombs': This function or variable may be unsafe. Consider using wcstombs_s instead. To disable deprecation, use _CRT_SECURE_NO_WARNINGS. See online help for details.
  c:\program files (x86)\windows kits\10\include\10.0.10240.0\ucrt\stdlib.h(1008): note: 'wcstombs' 선언을 참조하십시오.
  XethApplication.cpp
d:\document\_code\direct\engine\xethengine\d2denginecore\d2denginecore\xethapplication.cpp(158): warning C4244: '인수': 'int'에서 'float'(으)로 변환하면서 데이터가 손실될 수 있습니다.
  컴파일하고 있습니다...
  코드를 생성하고 있습니다...
  D2DEngineCore.vcxproj -> D:\Document\_CODE\Direct\Engine\XethEngine\D2DEngineCore\D2DEngineCore\..\..\library\D2DEngineCore.lib
C:\Program Files (x86)\Microsoft Visual Studio\2017\Community\MSBuild\Microsoft\VisualStudio\v15.0\CodeAnalysis\Microsoft.CodeAnalysis.targets(379,5): error MSB4018: "NativeCodeAnalysis" 작업에서 예기치 않은 오류가 발생했습니다.
C:\Program Files (x86)\Microsoft Visual Studio\2017\Community\MSBuild\Microsoft\VisualStudio\v15.0\CodeAnalysis\Microsoft.CodeAnalysis.targets(379,5): error MSB4018: Microsoft.VisualStudio.CodeAnalysis.AnalysisResults.AnalysisResultException: CA0001 : An unknown error occurred while running Code Analysis. ---> System.IO.DirectoryNotFoundException: 'C:\Program Files (x86)\Microsoft Visual Studio 14.0\Team Tools\Static Analysis Tools\Rule Sets\NativeRecommendedRules.ruleset' 경로의 일부를 찾을 수 없습니다.
C:\Program Files (x86)\Microsoft Visual Studio\2017\Community\MSBuild\Microsoft\VisualStudio\v15.0\CodeAnalysis\Microsoft.CodeAnalysis.targets(379,5): error MSB4018:    위치: System.IO.__Error.WinIOError(Int32 errorCode, String maybeFullPath)
C:\Program Files (x86)\Microsoft Visual Studio\2017\Community\MSBuild\Microsoft\VisualStudio\v15.0\CodeAnalysis\Microsoft.CodeAnalysis.targets(379,5): error MSB4018:    위치: System.IO.FileStream.Init(String path, FileMode mode, FileAccess access, Int32 rights, Boolean useRights, FileShare share, Int32 bufferSize, FileOptions options, SECURITY_ATTRIBUTES secAttrs, String msgPath, Boolean bFromProxy, Boolean useLongPath, Boolean checkHost)
C:\Program Files (x86)\Microsoft Visual Studio\2017\Community\MSBuild\Microsoft\VisualStudio\v15.0\CodeAnalysis\Microsoft.CodeAnalysis.targets(379,5): error MSB4018:    위치: System.IO.FileStream..ctor(String path, FileMode mode, FileAccess access, FileShare share, Int32 bufferSize)
C:\Program Files (x86)\Microsoft Visual Studio\2017\Community\MSBuild\Microsoft\VisualStudio\v15.0\CodeAnalysis\Microsoft.CodeAnalysis.targets(379,5): error MSB4018:    위치: System.Xml.XmlDownloadManager.GetStream(Uri uri, ICredentials credentials, IWebProxy proxy, RequestCachePolicy cachePolicy)
C:\Program Files (x86)\Microsoft Visual Studio\2017\Community\MSBuild\Microsoft\VisualStudio\v15.0\CodeAnalysis\Microsoft.CodeAnalysis.targets(379,5): error MSB4018:    위치: System.Xml.XmlUrlResolver.GetEntity(Uri absoluteUri, String role, Type ofObjectToReturn)
C:\Program Files (x86)\Microsoft Visual Studio\2017\Community\MSBuild\Microsoft\VisualStudio\v15.0\CodeAnalysis\Microsoft.CodeAnalysis.targets(379,5): error MSB4018:    위치: System.Xml.XmlTextReaderImpl.FinishInitUriString()
C:\Program Files (x86)\Microsoft Visual Studio\2017\Community\MSBuild\Microsoft\VisualStudio\v15.0\CodeAnalysis\Microsoft.CodeAnalysis.targets(379,5): error MSB4018:    위치: System.Xml.XmlTextReaderImpl..ctor(String uriStr, XmlReaderSettings settings, XmlParserContext context, XmlResolver uriResolver)
C:\Program Files (x86)\Microsoft Visual Studio\2017\Community\MSBuild\Microsoft\VisualStudio\v15.0\CodeAnalysis\Microsoft.CodeAnalysis.targets(379,5): error MSB4018:    위치: System.Xml.XmlReaderSettings.CreateReader(String inputUri, XmlParserContext inputContext)
C:\Program Files (x86)\Microsoft Visual Studio\2017\Community\MSBuild\Microsoft\VisualStudio\v15.0\CodeAnalysis\Microsoft.CodeAnalysis.targets(379,5): error MSB4018:    위치: System.Xml.XmlReader.Create(String inputUri, XmlReaderSettings settings, XmlParserContext inputContext)
C:\Program Files (x86)\Microsoft Visual Studio\2017\Community\MSBuild\Microsoft\VisualStudio\v15.0\CodeAnalysis\Microsoft.CodeAnalysis.targets(379,5): error MSB4018:    위치: Microsoft.VisualStudio.CodeAnalysis.RuleSets.RuleSetXmlProcessor.ReadFromFile(String filePath)
C:\Program Files (x86)\Microsoft Visual Studio\2017\Community\MSBuild\Microsoft\VisualStudio\v15.0\CodeAnalysis\Microsoft.CodeAnalysis.targets(379,5): error MSB4018:    위치: Microsoft.VisualStudio.CodeAnalysis.RuleSets.RuleSet.LoadFromFile(String filePath, IEnumerable`1 ruleProviders)
C:\Program Files (x86)\Microsoft Visual Studio\2017\Community\MSBuild\Microsoft\VisualStudio\v15.0\CodeAnalysis\Microsoft.CodeAnalysis.targets(379,5): error MSB4018:    위치: Microsoft.Build.Tasks.NativeCodeAnalysis.LoadRuleSet(String ruleSetFile)
C:\Program Files (x86)\Microsoft Visual Studio\2017\Community\MSBuild\Microsoft\VisualStudio\v15.0\CodeAnalysis\Microsoft.CodeAnalysis.targets(379,5): error MSB4018:    위치: Microsoft.Build.Tasks.NativeCodeAnalysis.Execute()
C:\Program Files (x86)\Microsoft Visual Studio\2017\Community\MSBuild\Microsoft\VisualStudio\v15.0\CodeAnalysis\Microsoft.CodeAnalysis.targets(379,5): error MSB4018:    --- 내부 예외 스택 추적의 끝 ---
C:\Program Files (x86)\Microsoft Visual Studio\2017\Community\MSBuild\Microsoft\VisualStudio\v15.0\CodeAnalysis\Microsoft.CodeAnalysis.targets(379,5): error MSB4018:    위치: Microsoft.Build.Tasks.NativeCodeAnalysis.Execute()
C:\Program Files (x86)\Microsoft Visual Studio\2017\Community\MSBuild\Microsoft\VisualStudio\v15.0\CodeAnalysis\Microsoft.CodeAnalysis.targets(379,5): error MSB4018:    위치: Microsoft.Build.BackEnd.TaskExecutionHost.Microsoft.Build.BackEnd.ITaskExecutionHost.Execute()
C:\Program Files (x86)\Microsoft Visual Studio\2017\Community\MSBuild\Microsoft\VisualStudio\v15.0\CodeAnalysis\Microsoft.CodeAnalysis.targets(379,5): error MSB4018:    위치: Microsoft.Build.BackEnd.TaskBuilder.<ExecuteInstantiatedTask>d__26.MoveNext()
